<?xml version="1.0" encoding="UTF-8"?>
<coverage generated="1704199819134" clover="3.2.0">
  <project timestamp="1704199819135" name="All files">
    <metrics statements="4" coveredstatements="4" conditionals="2" coveredconditionals="1" methods="3" coveredmethods="3" elements="9" coveredelements="8" complexity="0" loc="4" ncloc="4" packages="1" files="1" classes="1"/>
    <file name="codecov.js" path="/Users/rula/Desktop/Karma-Bot/src/test-codecov/codecov.js">
      <metrics statements="4" coveredstatements="4" conditionals="2" coveredconditionals="1" methods="3" coveredmethods="3"/>
      <line num="2" count="1" type="stmt"/>
      <line num="6" count="1" type="stmt"/>
      <line num="10" count="1" type="cond" truecount="1" falsecount="1"/>
      <line num="13" count="1" type="stmt"/>
    </file>
  </project>
</coverage>
