{"/Users/rula/Desktop/Karma-Bot/src/test-codecov/test-branch.js": {"path":"/Users/rula/Desktop/Karma-Bot/src/test-codecov/test-branch.js","statementMap":{"0":{"start":{"line":3,"column":2},"end":{"line":3,"column":17}},"1":{"start":{"line":7,"column":2},"end":{"line":7,"column":15}},"2":{"start":{"line":11,"column":2},"end":{"line":11,"column":25}},"3":{"start":{"line":15,"column":2},"end":{"line":15,"column":37}},"4":{"start":{"line":18,"column":0},"end":{"line":18,"column":61}}},"fnMap":{"0":{"name":"randomTest","decl":{"start":{"line":2,"column":9},"end":{"line":2,"column":19}},"loc":{"start":{"line":2,"column":22},"end":{"line":4,"column":1}},"line":2},"1":{"name":"returnPlus3","decl":{"start":{"line":6,"column":9},"end":{"line":6,"column":20}},"loc":{"start":{"line":6,"column":24},"end":{"line":8,"column":1}},"line":6},"2":{"name":"reverse","decl":{"start":{"line":10,"column":9},"end":{"line":10,"column":16}},"loc":{"start":{"line":10,"column":24},"end":{"line":12,"column":1}},"line":10},"3":{"name":"hello","decl":{"start":{"line":14,"column":9},"end":{"line":14,"column":14}},"loc":{"start":{"line":14,"column":18},"end":{"line":16,"column":1}},"line":14}},"branchMap":{"0":{"loc":{"start":{"line":15,"column":9},"end":{"line":15,"column":36}},"type":"cond-expr","locations":[{"start":{"line":15,"column":19},"end":{"line":15,"column":27}},{"start":{"line":15,"column":30},"end":{"line":15,"column":36}}],"line":15}},"s":{"0":1,"1":2,"2":1,"3":3,"4":1},"f":{"0":1,"1":2,"2":1,"3":3},"b":{"0":[1,2]},"_coverageSchema":"1a1c01bbd47fc00a2c39e90264f33305004495a9","hash":"492ec88563e2900b25a1ac3303e5bca2459895a0"}
}
