TN:
SF:src/test-codecov/codecov-all-tests.js
FN:1,subtract
FN:5,add
FN:9,multiply
FN:13,divide
FNF:4
FNH:2
FNDA:1,subtract
FNDA:1,add
FNDA:0,multiply
FNDA:0,divide
DA:2,1
DA:6,1
DA:10,0
DA:14,0
DA:17,1
LF:5
LH:3
BRF:0
BRH:0
end_of_record
TN:
SF:src/test-codecov/codecov.js
FN:1,returnPlus3
FN:5,returnPlus5
FN:9,reverse
FN:13,hello
FNF:4
FNH:4
FNDA:1,returnPlus3
FNDA:1,returnPlus5
FNDA:1,reverse
FNDA:2,hello
DA:2,1
DA:6,1
DA:10,1
DA:14,2
DA:17,1
LF:5
LH:5
BRDA:14,0,0,1
BRDA:14,0,1,1
BRF:2
BRH:2
end_of_record
TN:
SF:src/test-codecov/test-branch.js
FN:2,randomTest
FN:6,returnPlus3
FN:10,reverse
FN:14,hello
FNF:4
FNH:4
FNDA:1,randomTest
FNDA:1,returnPlus3
FNDA:1,reverse
FNDA:1,hello
DA:3,1
DA:7,1
DA:11,1
DA:15,1
DA:18,1
LF:5
LH:5
BRDA:15,0,0,0
BRDA:15,0,1,1
BRF:2
BRH:1
end_of_record
