TN:
SF:src/test-codecov/codecov-all-tests.js
FN:1,subtract
FN:5,add
FN:9,multiply
FN:13,divide
FNF:4
FNH:3
FNDA:1,subtract
FNDA:1,add
FNDA:1,multiply
FNDA:0,divide
DA:2,1
DA:6,1
DA:10,1
DA:14,0
DA:17,1
LF:5
LH:4
BRF:0
BRH:0
end_of_record
TN:
SF:src/test-codecov/codecov.js
FN:1,returnPlus3
FN:5,reverse
FN:9,hello
FNF:3
FNH:3
FNDA:1,returnPlus3
FNDA:1,reverse
FNDA:2,hello
DA:2,1
DA:6,1
DA:10,2
DA:13,1
LF:4
LH:4
BRDA:10,0,0,1
BRDA:10,0,1,1
BRF:2
BRH:2
end_of_record
TN:
SF:src/test-codecov/test-branch.js
FN:2,randomTest
FN:6,returnPlus3
FN:10,reverse
FN:14,hello
FNF:4
FNH:2
FNDA:0,randomTest
FNDA:0,returnPlus3
FNDA:1,reverse
FNDA:3,hello
DA:3,0
DA:7,0
DA:11,1
DA:15,3
DA:18,1
LF:5
LH:3
BRDA:15,0,0,1
BRDA:15,0,1,2
BRF:2
BRH:2
end_of_record
